Build started 22/08/2015 23:32:37.
     1>Project "D:\_Project_Program\VS-C++.edu\StudentManage\StudentManage.vcxproj" on node 2 (Build target(s)).
     1>ClCompile:
         D:\ProgramSetup\VS\VC\bin\CL.exe /c /Zi /nologo /W3 /WX- /sdl /O2 /Oi /Oy- /GL /D _MBCS /Gm- /EHsc /MD /GS /Gy /fp:precise /Zc:wchar_t /Zc:forScope /Zc:inline /Fo"Release\\" /Fd"Release\vc140.pdb" /Gd /TP /analyze- /errorReport:prompt Main.cpp StringProcess.cpp Student.cpp StudentConsole.cpp
         Main.cpp
         StringProcess.cpp
         Student.cpp
         StudentConsole.cpp
       Link:
         D:\ProgramSetup\VS\VC\bin\link.exe /ERRORREPORT:PROMPT /OUT:"D:\_Project_Program\VS-C++.edu\StudentManage\Release\StudentManage.exe" /NOLOGO kernel32.lib user32.lib gdi32.lib winspool.lib comdlg32.lib advapi32.lib shell32.lib ole32.lib oleaut32.lib uuid.lib odbc32.lib odbccp32.lib /MANIFEST /MANIFESTUAC:"level='asInvoker' uiAccess='false'" /manifest:embed /Debug /PDB:"D:\_Project_Program\VS-C++.edu\StudentManage\Release\StudentManage.pdb" /OPT:REF /OPT:ICF /LTCG:incremental /TLBID:1 /DYNAMICBASE /NXCOMPAT /IMPLIB:"D:\_Project_Program\VS-C++.edu\StudentManage\Release\StudentManage.lib" /MACHINE:X86 /SAFESEH Release\Main.obj
         Release\StringProcess.obj
         Release\Student.obj
         Release\StudentConsole.obj
         Generating code
         All 263 functions were compiled because no usable IPDB/IOBJ from previous compilation was found.
         Finished generating code
         StudentManage.vcxproj -> D:\_Project_Program\VS-C++.edu\StudentManage\Release\StudentManage.exe
     1>Done Building Project "D:\_Project_Program\VS-C++.edu\StudentManage\StudentManage.vcxproj" (Build target(s)).

Build succeeded.

Time Elapsed 00:00:06.45
